[debug] [2018-06-20T06:20:36.809Z] ----------------------------------------------------------------------
[debug] [2018-06-20T06:20:36.811Z] Command:       C:\Program Files\nodejs\node.exe C:\Users\springworks\AppData\Roaming\npm\node_modules\firebase-tools\bin\firebase serve
[debug] [2018-06-20T06:20:36.811Z] CLI Version:   3.18.6
[debug] [2018-06-20T06:20:36.812Z] Platform:      win32
[debug] [2018-06-20T06:20:36.812Z] Node Version:  v8.11.3
[debug] [2018-06-20T06:20:36.812Z] Time:          Wed Jun 20 2018 15:20:36 GMT+0900 (대한민국 표준시)
[debug] [2018-06-20T06:20:36.812Z] ----------------------------------------------------------------------
[debug] 
[debug] [2018-06-20T06:20:36.822Z] > command requires scopes: ["email","openid","https://www.googleapis.com/auth/cloudplatformprojects.readonly","https://www.googleapis.com/auth/firebase","https://www.googleapis.com/auth/cloud-platform"]
[debug] [2018-06-20T06:20:36.822Z] > authorizing via signed-in user
[debug] [2018-06-20T06:20:36.824Z] >>> HTTP REQUEST GET https://admin.firebase.com/v1/projects/hanwha-code-generator  
  
 Wed Jun 20 2018 15:20:36 GMT+0900 (대한민국 표준시)
[debug] [2018-06-20T06:20:37.733Z] <<< HTTP RESPONSE 200
[debug] [2018-06-20T06:20:37.734Z] >>> HTTP REQUEST GET https://admin.firebase.com/v1/database/hanwha-code-generator/tokens  
  
 Wed Jun 20 2018 15:20:37 GMT+0900 (대한민국 표준시)
[debug] [2018-06-20T06:20:38.345Z] <<< HTTP RESPONSE 200
[debug] [2018-06-20T06:20:38.347Z] >>> HTTP REQUEST GET https://cloudresourcemanager.googleapis.com/v1/projects/hanwha-code-generator  
  
 Wed Jun 20 2018 15:20:38 GMT+0900 (대한민국 표준시)
[debug] [2018-06-20T06:20:39.294Z] <<< HTTP RESPONSE 200
[info] 
[info] === Serving from 'C:\Users\springworks\Desktop\hanwha'...
[info] 
[debug] [2018-06-20T06:20:39.303Z] >>> HTTP REQUEST GET https://mobilesdk-pa.googleapis.com/v1/projects/235339263770/clients/_:getWebAppConfig  
  
 Wed Jun 20 2018 15:20:39 GMT+0900 (대한민국 표준시)
[debug] [2018-06-20T06:20:40.118Z] <<< HTTP RESPONSE 200
[info] i  hosting: Serving hosting files from: public
[info] +  hosting: Local server: http://localhost:5000

